<?xml version="1.0" encoding="UTF-8"?>
<!-- Generated by org.testng.reporters.JUnitReportReporter -->
<testsuite skipped="0" hostname="ATMECSINLT-707" name="xlsxreader.XlsxReader" tests="3" failures="0" timestamp="01 Sep 2019 05:45:27 GMT" time="0.008" errors="0">
  <testcase name="testdata" time="0.006" classname="xlsxreader.XlsxReader"/>
  <testcase name="testdata" time="0.001" classname="xlsxreader.XlsxReader"/>
  <testcase name="testdata" time="0.001" classname="xlsxreader.XlsxReader"/>
</testsuite> <!-- xlsxreader.XlsxReader -->
