<?xml version="1.0" encoding="UTF-8"?>
<!-- Generated by org.testng.reporters.JUnitReportReporter -->
<testsuite skipped="0" hostname="ATMECSINLT-065" name="flightBooking.TwoWay" tests="3" failures="0" timestamp="04 Sep 2019 12:43:11 GMT" time="82.176" errors="0">
  <testcase name="setUp" time="0.360" classname="flightBooking.TwoWay"/>
  <testcase name="search" time="38.681" classname="flightBooking.TwoWay"/>
  <testcase name="search" time="43.135" classname="flightBooking.TwoWay"/>
</testsuite> <!-- flightBooking.TwoWay -->
