<?xml version="1.0" encoding="UTF-8"?>
<!-- Generated by org.testng.reporters.JUnitReportReporter -->
<testsuite skipped="0" hostname="ATMECSINLT-065" name="flightBooking.FlightSearch" tests="3" failures="0" timestamp="04 Sep 2019 12:38:56 GMT" time="69.375" errors="0">
  <testcase name="setUp" time="0.233" classname="flightBooking.FlightSearch"/>
  <testcase name="search" time="33.626" classname="flightBooking.FlightSearch"/>
  <testcase name="search" time="35.516" classname="flightBooking.FlightSearch"/>
</testsuite> <!-- flightBooking.FlightSearch -->
